Arguments: 
  C:\Program Files\nodejs\node.exe C:\Program Files (x86)\Yarn\bin\yarn.js add dotenv jsonwebtoken

PATH: 
  C:\Program Files (x86)\Common Files\Oracle\Java\javapath;C:\Program Files\Oculus\Support\oculus-runtime;C:\Program Files (x86)\Intel\Intel(R) Management Engine Components\iCLS\;C:\Program Files\Intel\Intel(R) Management Engine Components\iCLS\;C:\Windows\system32;C:\Windows;C:\Windows\System32\Wbem;C:\Windows\System32\WindowsPowerShell\v1.0\;C:\Windows\System32\OpenSSH\;C:\Program Files (x86)\Intel\Intel(R) Management Engine Components\DAL;C:\Program Files\Intel\Intel(R) Management Engine Components\DAL;C:\Program Files (x86)\Intel\Intel(R) Management Engine Components\IPT;C:\Program Files\Intel\Intel(R) Management Engine Components\IPT;C:\Program Files (x86)\NVIDIA Corporation\PhysX\Common;C:\Program Files\NVIDIA Corporation\NVIDIA NvDLISR;C:\Users\silve\AppData\Local\Programs\Python\Python37;C:\WINDOWS\system32;C:\WINDOWS;C:\WINDOWS\System32\Wbem;C:\WINDOWS\System32\WindowsPowerShell\v1.0\;C:\WINDOWS\System32\OpenSSH\;C:\Program Files (x86)\Bitvise SSH Client;C:\Program Files (x86)\Calibre2\;C:\Program Files\Oracle\VirtualBox;C:\Program Files\MongoDB\Server\4.4\bin;C:\Program Files (x86)\Yarn\bin\;C:\Program Files\dotnet\;C:\ProgramData\chocolatey\bin;C:\Program Files\OpenJDK\openjdk-8u302-b08\bin;C:\Program Files\nodejs\;C:\Program Files\PuTTY\;C:\Program Files\Git\cmd;C:\Users\silve\scoop\shims;C:\Program Files\MySQL\MySQL Shell 8.0\bin\;C:\Users\silve\AppData\Local\Programs\Python\Python310\Scripts\;C:\Users\silve\AppData\Local\Programs\Python\Python310\;C:\Users\silve\AppData\Local\Microsoft\WindowsApps;C:\Users\silve\AppData\Local\Microsoft\WindowsApps;D:\Microsoft VS Code\bin;C:\Users\silve\AppData\Local\Yarn\bin;C:\Users\silve\.dotnet\tools;C:\Users\silve\AppData\Local\Android\Sdk\platform-tools;C:\Users\silve\AppData\Roaming\npm;C:\Program Files\Java\jdk1.8.0_333\bin;C:\Program Files\nodejs;C:\Program Files\Java\apache-maven-3.8.5-bin\apache-maven-3.8.5\bin;

Yarn version: 
  1.22.5

Node version: 
  18.0.0

Platform: 
  win32 x64

Trace: 
  Error: EPERM: operation not permitted, unlink 'C:\Users\silve\OneDrive\Desktop\2022\Chingu\v40-bears-team-35\backend\node_modules\bcrypt\lib\binding\napi-v3\bcrypt_lib.node'

npm manifest: 
  {
    "name": "backend",
    "version": "1.0.0",
    "description": "chinguVoyages40 (named after the voyages)",
    "main": "server.js",
    "scripts": {
      "test": "echo \"Error: no test specified\" && exit 1",
      "start": "node server.js"
    },
    "keywords": [],
    "author": "",
    "license": "ISC",
    "dependencies": {
      "bcrypt": "^5.0.1",
      "cors": "^2.8.5",
      "express": "^4.18.1",
      "mongoose": "^6.5.3",
      "nodemon": "^2.0.19"
    }
  }

yarn manifest: 
  No manifest

Lockfile: 
  No lockfile
